[backblue.gif]
[fade.gif]
[index.html]
[cdn.myportfolio.com/2b2f4de4-9fb2-4f11-a777-608d9e455175/8f6cab9b-2a94-43d4-b384-0a969821a545_carw_1x1x32d2f9.png]
[cdn.myportfolio.com/2b2f4de4-9fb2-4f11-a777-608d9e455175/a3bf44ba-cbbb-4a11-88cf-64e5c82a211e_carw_1x1x1805cb9.jpg]
[cdn.myportfolio.com/2b2f4de4-9fb2-4f11-a777-608d9e455175/ae812de9-6853-4900-ab27-55203009c86629ca.jpg]
[use.typekit.net/ik/EsKJGDcJ_Z493tINuMUnfKeSvZtIvqQqAAzPAL1IXytfelwffHYEBsJzwD9oFDIDWD6u5A935AmqFe9XFRmyZQ88wA4ywRSu5QB8jDm8wDJawQBcwRscjQ6-13I7OcU8dhoyScsG-Ao1jAo8ShFuO]
[cdn.myportfolio.com/2b2f4de4-9fb2-4f11-a777-608d9e455175/ae812de9-6853-4900-ab27-55203009c866_rw_1200fba1.jpg]
[cdn.myportfolio.com/2b2f4de4-9fb2-4f11-a777-608d9e455175/5c5c683f-eb55-476b-9f76-11f58dca83e33a63.jpg]
[cdn.myportfolio.com/2b2f4de4-9fb2-4f11-a777-608d9e455175/5c5c683f-eb55-476b-9f76-11f58dca83e3_rw_1200def7.jpg]
[cdn.myportfolio.com/2b2f4de4-9fb2-4f11-a777-608d9e455175/5bbe24a6-3e33-46c9-be9c-0b348893951b5aa0.jpg]
[cdn.myportfolio.com/2b2f4de4-9fb2-4f11-a777-608d9e455175/5bbe24a6-3e33-46c9-be9c-0b348893951b_rw_12000e09.jpg]
[leonardhinganescu.com/site/translationsd0d3]
[leonardhinganescu.com/dist/js/maind0d3.js]
[leonardhinganescu.com/index.html]
[leonardhinganescu.com/dist/css/main.css]
[cdn.myportfolio.com/2b2f4de4-9fb2-4f11-a777-608d9e455175/8d8d28b5290a95d61eed0df95353a3951709900467df9e.css]
[cdn.myportfolio.com/2b2f4de4-9fb2-4f11-a777-608d9e455175/fe011ca0-cdb6-4d90-91c1-965efc98a7d9_rwc_0x0x1200x630x12002ac8.jpg]
[leonardhinganescu.com/site/translations5e16]
[use.typekit.net/ik/EsKJGDcJ_Z493tINuMUnfKeSvZtIvqQqAAzPAL1IXytfelwffHYEBsJzwD9oFDIDWD6u5A935AmqFe9XFRmyZQ88wA4ywRSu5QB8jDm8wDJawQBcwRscjQ6-13I7OcU8dhoyScsG-Ao1jAo8ShFuO-2]
[leonardhinganescu.com/dist/js/main5e16.js]
[leonardhinganescu.com/selected-work.html]
[cdn.myportfolio.com/2b2f4de4-9fb2-4f11-a777-608d9e455175/d96eedd0-62e3-49ca-8b74-93e1e4c8b627_rwc_0x0x1000x781x328a60.jpg]
[cdn.myportfolio.com/2b2f4de4-9fb2-4f11-a777-608d9e455175/aeffd671-132e-4c42-95d1-ddcb16704854_rwc_0x0x998x781x3245a9.jpg]
[cdn.myportfolio.com/2b2f4de4-9fb2-4f11-a777-608d9e455175/081ae89a-26c2-4033-a42f-4a401ce5994a_rwc_0x0x1000x781x32777f.jpg]
[cdn.myportfolio.com/2b2f4de4-9fb2-4f11-a777-608d9e455175/89d69366-97b5-490e-803e-064269254481_rwc_0x0x2877x2250x326f24.jpg]
[cdn.myportfolio.com/2b2f4de4-9fb2-4f11-a777-608d9e455175/8b1374fe-e08a-4d58-994c-360609d0497e_rwc_0x0x2877x2250x32ae88.jpg]
[cdn.myportfolio.com/2b2f4de4-9fb2-4f11-a777-608d9e455175/fd3ba0b2-59df-4062-a7f2-ef85768e97a4_rwc_0x0x1000x781x32f867.jpg]
[cdn.myportfolio.com/2b2f4de4-9fb2-4f11-a777-608d9e455175/667da274-27ed-4bfe-9306-c45298e00ff4_rwc_0x0x1000x781x32660d.jpg]
[cdn.myportfolio.com/2b2f4de4-9fb2-4f11-a777-608d9e455175/3e95b4f7-1232-40f9-8f3c-d0cd7dab7370_rwc_0x0x1000x781x3247dc.jpg]
[cdn.myportfolio.com/2b2f4de4-9fb2-4f11-a777-608d9e455175/7c933069-9498-4843-a29c-9fc1844ce0b9_rwc_0x0x1000x781x322d08.jpg]
[cdn.myportfolio.com/2b2f4de4-9fb2-4f11-a777-608d9e455175/2cfcf038-7ea4-4c5c-8e65-a31b6b495409_rwc_0x0x1000x781x32b578.jpg]
[cdn.myportfolio.com/2b2f4de4-9fb2-4f11-a777-608d9e455175/44af6326-e6fb-4cff-aab2-c3f5aaf6e902_rwc_0x0x1000x781x329668.jpg]
[cdn.myportfolio.com/2b2f4de4-9fb2-4f11-a777-608d9e455175/ae1f3313-90ed-4a11-9b4f-b6f9f3afac50_rwc_0x0x1000x781x32f40c.jpg]
[cdn.myportfolio.com/2b2f4de4-9fb2-4f11-a777-608d9e455175/4e7b2186-f4af-4bfb-8036-b994897ec160_rwc_0x0x1000x781x320263.jpg]
[cdn.myportfolio.com/2b2f4de4-9fb2-4f11-a777-608d9e455175/202f7828-c15d-4137-ab6a-30ff77eea6af_rwc_0x0x1000x781x32d93f.jpg]
[cdn.myportfolio.com/2b2f4de4-9fb2-4f11-a777-608d9e455175/30045019-4b23-499f-821b-b726fa2e7812_rwc_0x0x1000x781x3204bc.jpg]
[cdn.myportfolio.com/2b2f4de4-9fb2-4f11-a777-608d9e455175/1676594a-02fb-460d-ac31-3ed460b57e6d_rwc_0x0x1000x781x32ca8e.jpg]
[cdn.myportfolio.com/2b2f4de4-9fb2-4f11-a777-608d9e455175/b8eddfdf-950b-46d5-9620-739bedb4ad52_rwc_0x0x1000x781x325421.jpg]
[cdn.myportfolio.com/2b2f4de4-9fb2-4f11-a777-608d9e455175/b299f49a-08ff-4f5f-bddc-34c753fd4983_rwc_0x0x1000x781x32f675.jpg]
[cdn.myportfolio.com/2b2f4de4-9fb2-4f11-a777-608d9e455175/7233f217-6ec5-4396-b759-a44d98b4bb1b_rwc_0x0x1000x781x32b0f3.jpg]
[cdn.myportfolio.com/2b2f4de4-9fb2-4f11-a777-608d9e455175/8e8d1783-d165-4773-9564-65dbe6cdef6e_rwc_0x0x1000x781x3236e4.jpg]
[cdn.myportfolio.com/2b2f4de4-9fb2-4f11-a777-608d9e455175/452d4ec9-ab08-480d-bc74-b0f4582b0b1a_rwc_0x0x1000x781x32e207.jpg]
[cdn.myportfolio.com/2b2f4de4-9fb2-4f11-a777-608d9e455175/71e9b9e8-97ec-41d4-83bf-566807b90952_rwc_0x0x1000x781x320c49.jpg]
[leonardhinganescu.com/people.html]
[cdn.myportfolio.com/2b2f4de4-9fb2-4f11-a777-608d9e455175/48d76fb1-0181-4d59-8f40-a303ce238a8c_rwc_0x0x2877x2250x3207e6.jpg]
[cdn.myportfolio.com/2b2f4de4-9fb2-4f11-a777-608d9e455175/2370488d-2284-4db4-bd3c-efaa3fff785c_rwc_0x0x2877x2249x320a17.jpg]
[cdn.myportfolio.com/2b2f4de4-9fb2-4f11-a777-608d9e455175/1dfe786a-2db1-4cb4-b3b9-6a35526140e6_rwc_0x0x2877x2249x3232a3.jpg]
[cdn.myportfolio.com/2b2f4de4-9fb2-4f11-a777-608d9e455175/7e71a41e-7fdf-4d0d-aea2-2562de53b85a_rwc_0x0x2877x2249x32be7d.jpg]
[cdn.myportfolio.com/2b2f4de4-9fb2-4f11-a777-608d9e455175/7a2be045-62ea-48aa-8a4f-ddb2f66fb3cc_rwc_0x0x2877x2249x329a13.jpg]
[cdn.myportfolio.com/2b2f4de4-9fb2-4f11-a777-608d9e455175/55504f60-4fb1-4d77-b6f6-e9d588d60768_rwc_0x0x2876x2249x32501f.jpg]
[cdn.myportfolio.com/2b2f4de4-9fb2-4f11-a777-608d9e455175/a87d82b8-6e7f-4d85-ab0f-a3ae2b2dc9df_rwc_0x0x2877x2249x32160b.jpg]
[cdn.myportfolio.com/2b2f4de4-9fb2-4f11-a777-608d9e455175/4523b6cf-42f3-406b-b79e-d295972624b1_rwc_0x0x2877x2249x32171b.jpg]
[cdn.myportfolio.com/2b2f4de4-9fb2-4f11-a777-608d9e455175/deab2bde-ab6f-4f3e-82f3-879b6ea3d2f7_rwc_0x0x2877x2249x32dfc2.jpg]
[cdn.myportfolio.com/2b2f4de4-9fb2-4f11-a777-608d9e455175/67e21ce4-92a6-4109-8ebe-a479a0424107_rwc_0x0x2877x2249x326e30.jpg]
[cdn.myportfolio.com/2b2f4de4-9fb2-4f11-a777-608d9e455175/40b7064c-38f3-4aca-8748-cf9203fb8d3b_rwc_0x0x2877x2249x32b708.jpg]
[cdn.myportfolio.com/2b2f4de4-9fb2-4f11-a777-608d9e455175/076e8752-d1e8-4c26-8ae6-f90c830db341_rwc_0x0x2877x2250x324e49.jpg]
[cdn.myportfolio.com/2b2f4de4-9fb2-4f11-a777-608d9e455175/a62fca39-4956-4716-b2df-94dccd2fbeb8_rwc_0x0x2877x2249x322850.jpg]
[cdn.myportfolio.com/2b2f4de4-9fb2-4f11-a777-608d9e455175/478b3e75-2412-4fc2-bf3c-679a3dc7cd30_rwc_0x0x2877x2249x32b448.jpg]
[cdn.myportfolio.com/2b2f4de4-9fb2-4f11-a777-608d9e455175/75827988-1539-48ed-9cbb-e36e00da191e_rwc_0x0x2877x2250x326be0.jpg]
[cdn.myportfolio.com/2b2f4de4-9fb2-4f11-a777-608d9e455175/1ae630d8-19ce-44cb-83d9-c37956c6a161_rwc_0x0x2877x2249x3262aa.jpg]
[cdn.myportfolio.com/2b2f4de4-9fb2-4f11-a777-608d9e455175/ceb5521d-336a-496c-8e3e-f6756ef1d051_rwc_0x0x2877x2249x321dba.jpg]
[cdn.myportfolio.com/2b2f4de4-9fb2-4f11-a777-608d9e455175/f056d886-3437-4db3-bb96-5c65c483cfb2_rwc_0x0x2877x2249x322bf1.jpg]
[cdn.myportfolio.com/2b2f4de4-9fb2-4f11-a777-608d9e455175/d1a99653-8f6e-4751-9046-54eb697afc4f_rwc_0x0x2877x2249x323506.jpg]
[cdn.myportfolio.com/2b2f4de4-9fb2-4f11-a777-608d9e455175/c55c1d06-0b00-4264-929f-d6483071dc20_rwc_0x0x2877x2249x32acd5.jpg]
[cdn.myportfolio.com/2b2f4de4-9fb2-4f11-a777-608d9e455175/cc82596b-900b-4a08-b80d-efea1b4936cb_rwc_0x0x2877x2249x328fdc.jpg]
[cdn.myportfolio.com/2b2f4de4-9fb2-4f11-a777-608d9e455175/94345201-9f5e-4d98-b0fd-dd5613617089_rwc_0x0x2877x2249x32a1b0.jpg]
[cdn.myportfolio.com/2b2f4de4-9fb2-4f11-a777-608d9e455175/7a492e8c-4709-46e3-8b5f-9bc7d0023a32_rwc_0x0x2877x2249x3227ae.jpg]
[cdn.myportfolio.com/2b2f4de4-9fb2-4f11-a777-608d9e455175/ed2d1949-2aee-41ed-af9c-2d0154fd2dec_rwc_0x0x2877x2249x3280db.jpg]
[cdn.myportfolio.com/2b2f4de4-9fb2-4f11-a777-608d9e455175/dcd43602-f4f5-445d-b526-4ce445da40c8_rwc_0x0x2877x2249x3299e3.jpg]
[cdn.myportfolio.com/2b2f4de4-9fb2-4f11-a777-608d9e455175/05727528-e968-4835-b80e-dba5d930bb48_rwc_0x0x2877x2249x32de88.jpg]
[cdn.myportfolio.com/2b2f4de4-9fb2-4f11-a777-608d9e455175/52d0c0a6-60e5-46c1-be7e-d666cbf04333_rwc_0x0x2877x2249x3208d8.jpg]
[cdn.myportfolio.com/2b2f4de4-9fb2-4f11-a777-608d9e455175/b2d1ef08-0f78-4934-977a-f1a9d5d9ac2b_rwc_0x0x2877x2249x326c41.jpg]
[cdn.myportfolio.com/2b2f4de4-9fb2-4f11-a777-608d9e455175/94bd1a2d-525d-4b61-99de-5f8847d970d5_rwc_0x0x2877x2249x329aee.jpg]
[leonardhinganescu.com/real-estate.html]
[cdn.myportfolio.com/2b2f4de4-9fb2-4f11-a777-608d9e455175/1fc80bd8-d92c-4e38-82b6-7bc9b4989b88_rwc_0x0x2877x2249x32d924.jpg]
[cdn.myportfolio.com/2b2f4de4-9fb2-4f11-a777-608d9e455175/093fb3ed-6654-46cb-b98e-39e469c4123f_rwc_0x0x2877x2249x32cc57.jpg]
[cdn.myportfolio.com/2b2f4de4-9fb2-4f11-a777-608d9e455175/22cb8c8b-a994-45fd-b8f5-1707b66aa532_rwc_0x0x2877x2249x3208a6.jpg]
[cdn.myportfolio.com/2b2f4de4-9fb2-4f11-a777-608d9e455175/9eb48691-8c3f-45d0-bae9-1ffbfb09339a_rwc_0x0x2877x2249x3265c3.jpg]
[cdn.myportfolio.com/2b2f4de4-9fb2-4f11-a777-608d9e455175/ca9e9efd-2ef7-439f-84da-4d6fae784bd7_rwc_0x0x2877x2249x326218.jpg]
[cdn.myportfolio.com/2b2f4de4-9fb2-4f11-a777-608d9e455175/725eae69-1b2a-4bff-83f5-348195a6bc75_rwc_0x0x2877x2249x326cda.jpg]
[cdn.myportfolio.com/2b2f4de4-9fb2-4f11-a777-608d9e455175/45794cc4-b487-4017-9697-c79b3e5e1452_rwc_0x0x2877x2249x326ffe.jpg]
[cdn.myportfolio.com/2b2f4de4-9fb2-4f11-a777-608d9e455175/302acec6-4b33-4737-aa33-007b7bad0598_rwc_0x0x2877x2249x325f2d.jpg]
[cdn.myportfolio.com/2b2f4de4-9fb2-4f11-a777-608d9e455175/96b345ad-1037-46d3-8464-d033ea138795_rwc_0x0x2877x2249x329e9f.jpg]
[cdn.myportfolio.com/2b2f4de4-9fb2-4f11-a777-608d9e455175/12f1081d-5643-4c9d-9b98-f89a5524d517_rwc_0x0x2877x2249x321abc.jpg]
[cdn.myportfolio.com/2b2f4de4-9fb2-4f11-a777-608d9e455175/b99b7640-4ad0-40cf-880b-69ba4f83b6e6_rwc_0x0x2877x2249x3221c0.jpg]
[cdn.myportfolio.com/2b2f4de4-9fb2-4f11-a777-608d9e455175/cb8395d1-c9c3-4e7a-acaf-0665615dbd6d_rwc_0x0x2877x2249x3295d6.jpg]
[cdn.myportfolio.com/2b2f4de4-9fb2-4f11-a777-608d9e455175/8afb9bbc-8b64-4a2f-ba19-954f704ff09a_rwc_0x0x2877x2249x324a3c.jpg]
[cdn.myportfolio.com/2b2f4de4-9fb2-4f11-a777-608d9e455175/99833e74-a45e-4127-bc2e-d64b0b56ab74_rwc_0x0x2877x2249x3296a7.jpg]
[cdn.myportfolio.com/2b2f4de4-9fb2-4f11-a777-608d9e455175/2d2e81ed-14f7-4de1-a571-3390b71d643b_rwc_0x0x2877x2249x327fec.jpg]
[cdn.myportfolio.com/2b2f4de4-9fb2-4f11-a777-608d9e455175/6a8e21de-6cfa-4337-8158-8f23b035ec03_rwc_0x0x2877x2249x320062.jpg]
[leonardhinganescu.com/random.html]
[cdn.myportfolio.com/2b2f4de4-9fb2-4f11-a777-608d9e455175/69108c62-5757-449e-b460-a15ce98fd769b8ca.jpg]
[cdn.myportfolio.com/2b2f4de4-9fb2-4f11-a777-608d9e455175/69108c62-5757-449e-b460-a15ce98fd769_rw_1920c6c0.jpg]
[leonardhinganescu.com/about.html]
[leonardhinganescu.com/contact.html]
[cdn.myportfolio.com/2b2f4de4-9fb2-4f11-a777-608d9e455175/31c4f759e528e372660e556a5dd2bf141709900467d0ef.css]
[cdn.myportfolio.com/2b2f4de4-9fb2-4f11-a777-608d9e455175/a7cca401-137d-454e-968e-d76d40daacf403fb.jpg]
[cdn.myportfolio.com/2b2f4de4-9fb2-4f11-a777-608d9e455175/a7cca401-137d-454e-968e-d76d40daacf4_rw_38408d3c.jpg]
[cdn.myportfolio.com/2b2f4de4-9fb2-4f11-a777-608d9e455175/452d4ec9-ab08-480d-bc74-b0f4582b0b1a_rwc_0x0x1000x781x1000e592.jpg]
[cdn.myportfolio.com/2b2f4de4-9fb2-4f11-a777-608d9e455175/8b1374fe-e08a-4d58-994c-360609d0497e_rwc_0x0x2877x2250x2877cf41.jpg]
[cdn.myportfolio.com/2b2f4de4-9fb2-4f11-a777-608d9e455175/71e9b9e8-97ec-41d4-83bf-566807b90952_rwc_0x0x1000x781x10000f04.jpg]
[cdn.myportfolio.com/2b2f4de4-9fb2-4f11-a777-608d9e455175/b299f49a-08ff-4f5f-bddc-34c753fd4983_rwc_0x0x1000x781x100022f8.jpg]
[cdn.myportfolio.com/2b2f4de4-9fb2-4f11-a777-608d9e455175/30045019-4b23-499f-821b-b726fa2e7812_rwc_0x0x1000x781x1000e4ce.jpg]
[cdn.myportfolio.com/2b2f4de4-9fb2-4f11-a777-608d9e455175/7233f217-6ec5-4396-b759-a44d98b4bb1b_rwc_0x0x1000x781x100068b2.jpg]
[cdn.myportfolio.com/2b2f4de4-9fb2-4f11-a777-608d9e455175/8e8d1783-d165-4773-9564-65dbe6cdef6e_rwc_0x0x1000x781x10004e8e.jpg]
[cdn.myportfolio.com/2b2f4de4-9fb2-4f11-a777-608d9e455175/ae1f3313-90ed-4a11-9b4f-b6f9f3afac50_rwc_0x0x1000x781x10006c61.jpg]
[cdn.myportfolio.com/2b2f4de4-9fb2-4f11-a777-608d9e455175/fd3ba0b2-59df-4062-a7f2-ef85768e97a4_rwc_0x0x1000x781x10003499.jpg]
[cdn.myportfolio.com/2b2f4de4-9fb2-4f11-a777-608d9e455175/4e7b2186-f4af-4bfb-8036-b994897ec160_rwc_0x0x1000x781x100080ab.jpg]
[leonardhinganescu.com/cora-oprea.html]
[cdn.myportfolio.com/2b2f4de4-9fb2-4f11-a777-608d9e455175/d2164f1b-9258-447a-a9c4-680579932633a17d.jpg]
[cdn.myportfolio.com/2b2f4de4-9fb2-4f11-a777-608d9e455175/d2164f1b-9258-447a-a9c4-680579932633_rw_3840d971.jpg]
[cdn.myportfolio.com/2b2f4de4-9fb2-4f11-a777-608d9e455175/393a8c13-2e74-4e8a-99d8-e5378bc8b922054a.jpg]
[cdn.myportfolio.com/2b2f4de4-9fb2-4f11-a777-608d9e455175/393a8c13-2e74-4e8a-99d8-e5378bc8b922_rw_19204963.jpg]
[cdn.myportfolio.com/2b2f4de4-9fb2-4f11-a777-608d9e455175/44af6326-e6fb-4cff-aab2-c3f5aaf6e902_rwc_0x0x1000x781x100015a4.jpg]
[cdn.myportfolio.com/2b2f4de4-9fb2-4f11-a777-608d9e455175/89d69366-97b5-490e-803e-064269254481_rwc_0x0x2877x2250x28778ae6.jpg]
[cdn.myportfolio.com/2b2f4de4-9fb2-4f11-a777-608d9e455175/3e95b4f7-1232-40f9-8f3c-d0cd7dab7370_rwc_0x0x1000x781x1000811c.jpg]
[cdn.myportfolio.com/2b2f4de4-9fb2-4f11-a777-608d9e455175/7c933069-9498-4843-a29c-9fc1844ce0b9_rwc_0x0x1000x781x100088c2.jpg]
[cdn.myportfolio.com/2b2f4de4-9fb2-4f11-a777-608d9e455175/b8eddfdf-950b-46d5-9620-739bedb4ad52_rwc_0x0x1000x781x1000637a.jpg]
[cdn.myportfolio.com/2b2f4de4-9fb2-4f11-a777-608d9e455175/667da274-27ed-4bfe-9306-c45298e00ff4_rwc_0x0x1000x781x100078a4.jpg]
[cdn.myportfolio.com/2b2f4de4-9fb2-4f11-a777-608d9e455175/081ae89a-26c2-4033-a42f-4a401ce5994a_rwc_0x0x1000x781x1000faf6.jpg]
[leonardhinganescu.com/dan-dobre.html]
[cdn.myportfolio.com/2b2f4de4-9fb2-4f11-a777-608d9e455175/1067d4ab-79fe-484e-a3af-c5f95aab144aa82f.jpg]
[cdn.myportfolio.com/2b2f4de4-9fb2-4f11-a777-608d9e455175/1067d4ab-79fe-484e-a3af-c5f95aab144a_rw_1920243b.jpg]
[cdn.myportfolio.com/2b2f4de4-9fb2-4f11-a777-608d9e455175/55223998-22a8-4233-8e15-7ae17e6b13470cf1.jpg]
[cdn.myportfolio.com/2b2f4de4-9fb2-4f11-a777-608d9e455175/55223998-22a8-4233-8e15-7ae17e6b1347_rw_1920c711.jpg]
[cdn.myportfolio.com/2b2f4de4-9fb2-4f11-a777-608d9e455175/1f21bd31-ea4d-4d53-8180-ec5ce998ab1804f6.jpg]
[cdn.myportfolio.com/2b2f4de4-9fb2-4f11-a777-608d9e455175/1f21bd31-ea4d-4d53-8180-ec5ce998ab18_rw_19206222.jpg]
[cdn.myportfolio.com/2b2f4de4-9fb2-4f11-a777-608d9e455175/202f7828-c15d-4137-ab6a-30ff77eea6af_rwc_0x0x1000x781x10007518.jpg]
[cdn.myportfolio.com/2b2f4de4-9fb2-4f11-a777-608d9e455175/2cfcf038-7ea4-4c5c-8e65-a31b6b495409_rwc_0x0x1000x781x10005cc2.jpg]
[leonardhinganescu.com/ramona-tacu-3.html]
[cdn.myportfolio.com/2b2f4de4-9fb2-4f11-a777-608d9e455175/d96eedd0-62e3-49ca-8b74-93e1e4c8b627_rwc_0x0x1000x781x1000cdf8.jpg]
[cdn.myportfolio.com/2b2f4de4-9fb2-4f11-a777-608d9e455175/aeffd671-132e-4c42-95d1-ddcb16704854_rwc_0x0x998x781x998086f.jpg]
[leonardhinganescu.com/botez-sofia-maria.html]
[cdn.myportfolio.com/2b2f4de4-9fb2-4f11-a777-608d9e455175/1676594a-02fb-460d-ac31-3ed460b57e6d_rwc_0x0x1000x781x1000fe6d.jpg]
[leonardhinganescu.com/business-photo-session-with-eduard.html]
[cdn.myportfolio.com/2b2f4de4-9fb2-4f11-a777-608d9e455175/c1e9ebfb-f5d4-44eb-aa9a-ae4056e710877b44.jpg]
[cdn.myportfolio.com/2b2f4de4-9fb2-4f11-a777-608d9e455175/c1e9ebfb-f5d4-44eb-aa9a-ae4056e71087_rw_1920577c.jpg]
[cdn.myportfolio.com/2b2f4de4-9fb2-4f11-a777-608d9e455175/0c5e615a-ef97-4796-b7e7-e72d87d7c72b4acb.jpg]
[cdn.myportfolio.com/2b2f4de4-9fb2-4f11-a777-608d9e455175/0c5e615a-ef97-4796-b7e7-e72d87d7c72b_rw_19208fa4.jpg]
[cdn.myportfolio.com/2b2f4de4-9fb2-4f11-a777-608d9e455175/4aa4bdc8-17ff-4148-ac36-90c88fee8023c7b6.jpg]
[cdn.myportfolio.com/2b2f4de4-9fb2-4f11-a777-608d9e455175/4aa4bdc8-17ff-4148-ac36-90c88fee8023_rw_19209475.jpg]
[cdn.myportfolio.com/2b2f4de4-9fb2-4f11-a777-608d9e455175/cca4aab3-b25b-49e9-868f-5398281337f217de.jpg]
[cdn.myportfolio.com/2b2f4de4-9fb2-4f11-a777-608d9e455175/cca4aab3-b25b-49e9-868f-5398281337f2_rw_19205a47.jpg]
[cdn.myportfolio.com/2b2f4de4-9fb2-4f11-a777-608d9e455175/a1d0c48e-4323-4b52-88d6-45e0619bd6ab2cbc.jpg]
[cdn.myportfolio.com/2b2f4de4-9fb2-4f11-a777-608d9e455175/a1d0c48e-4323-4b52-88d6-45e0619bd6ab_rw_1920fe13.jpg]
[leonardhinganescu.com/lavender-family-photo-shoot.html]
[leonardhinganescu.com/livia-stoica.html]
[leonardhinganescu.com/xenia-piciughin.html]
[leonardhinganescu.com/matei-cernaianu.html]
[use.typekit.net/ik/EsKJGDcJ_Z493tINuMUnfKeSvZtIvqQqAAzPAL1IXytfelwffHYEBsJzwD9oFDIDWD6u5A935AmqFe9XFRmyZQ88wA4ywRSu5QB8jDm8wDJawQBcwRscjQ6-13I7OcU8dhoyScsG-Ao1jAo8ShFuO-3]
[leonardhinganescu.com/site/translations23a0]
[leonardhinganescu.com/dist/js/main23a0.js]
[leonardhinganescu.com/ioana-tanasescu.html]
[cdn.myportfolio.com/2b2f4de4-9fb2-4f11-a777-608d9e455175/b97ec5c9-45b5-4934-91d7-fd3d02b2aa47cd2c.jpg]
[cdn.myportfolio.com/2b2f4de4-9fb2-4f11-a777-608d9e455175/b97ec5c9-45b5-4934-91d7-fd3d02b2aa47_rw_384076ac.jpg]
[cdn.myportfolio.com/2b2f4de4-9fb2-4f11-a777-608d9e455175/3510406c-4de5-4ac1-9a3d-a996ba1029c5274e.jpg]
[cdn.myportfolio.com/2b2f4de4-9fb2-4f11-a777-608d9e455175/3510406c-4de5-4ac1-9a3d-a996ba1029c5_rw_1920bd24.jpg]
[leonardhinganescu.com/vladimir-negrea.html]
[cdn.myportfolio.com/2b2f4de4-9fb2-4f11-a777-608d9e455175/06731124-992c-444b-b13c-f13a7088c2cdb1af.jpg]
[cdn.myportfolio.com/2b2f4de4-9fb2-4f11-a777-608d9e455175/06731124-992c-444b-b13c-f13a7088c2cd_rw_1920c31f.jpg]
[cdn.myportfolio.com/2b2f4de4-9fb2-4f11-a777-608d9e455175/6ffeb6a3-af47-4ec9-a09b-6e521343d1b3fe57.jpg]
[cdn.myportfolio.com/2b2f4de4-9fb2-4f11-a777-608d9e455175/6ffeb6a3-af47-4ec9-a09b-6e521343d1b3_rw_1920132e.jpg]
[leonardhinganescu.com/daria-tuca.html]
[cdn.myportfolio.com/2b2f4de4-9fb2-4f11-a777-608d9e455175/ca735429-93f3-45d4-88cd-4d1db13f0d6da7fe.jpg]
[cdn.myportfolio.com/2b2f4de4-9fb2-4f11-a777-608d9e455175/ca735429-93f3-45d4-88cd-4d1db13f0d6d_rw_1920ea34.jpg]
[cdn.myportfolio.com/2b2f4de4-9fb2-4f11-a777-608d9e455175/ae6bf3a2-dbfc-4387-8fd6-bd87d5da483d85ed.jpg]
[cdn.myportfolio.com/2b2f4de4-9fb2-4f11-a777-608d9e455175/ae6bf3a2-dbfc-4387-8fd6-bd87d5da483d_rw_1920be6e.jpg]
[cdn.myportfolio.com/2b2f4de4-9fb2-4f11-a777-608d9e455175/45a83a22-0ac3-47f2-b335-fcc6460ba9e96bc9.jpg]
[cdn.myportfolio.com/2b2f4de4-9fb2-4f11-a777-608d9e455175/45a83a22-0ac3-47f2-b335-fcc6460ba9e9_rw_192014e3.jpg]
[leonardhinganescu.com/eugen-toma.html]
[leonardhinganescu.com/cristian-dascalu.html]
[cdn.myportfolio.com/2b2f4de4-9fb2-4f11-a777-608d9e455175/7619ece5-5a59-47fb-83ee-6afa6a70ec996817.jpg]
[cdn.myportfolio.com/2b2f4de4-9fb2-4f11-a777-608d9e455175/7619ece5-5a59-47fb-83ee-6afa6a70ec99_rw_3840dfa8.jpg]
[leonardhinganescu.com/livia-carasel.html]
[cdn.myportfolio.com/2b2f4de4-9fb2-4f11-a777-608d9e455175/4ed82d34-92b1-4b5e-bfd9-dcab7572fe546c2f.jpg]
[cdn.myportfolio.com/2b2f4de4-9fb2-4f11-a777-608d9e455175/4ed82d34-92b1-4b5e-bfd9-dcab7572fe54_rw_3840d0e7.jpg]
[cdn.myportfolio.com/2b2f4de4-9fb2-4f11-a777-608d9e455175/9be20b39-61a0-4008-a4d8-d42a744bb5dd81bc.jpg]
[cdn.myportfolio.com/2b2f4de4-9fb2-4f11-a777-608d9e455175/9be20b39-61a0-4008-a4d8-d42a744bb5dd_rw_3840abad.jpg]
[cdn.myportfolio.com/2b2f4de4-9fb2-4f11-a777-608d9e455175/b879ed51-fa39-444d-a108-44273210df18885c.jpg]
[cdn.myportfolio.com/2b2f4de4-9fb2-4f11-a777-608d9e455175/b879ed51-fa39-444d-a108-44273210df18_rw_3840e7ae.jpg]
[cdn.myportfolio.com/2b2f4de4-9fb2-4f11-a777-608d9e455175/c3eceade-acd7-4ae8-8490-114097d129ad438f.jpg]
[cdn.myportfolio.com/2b2f4de4-9fb2-4f11-a777-608d9e455175/c3eceade-acd7-4ae8-8490-114097d129ad_rw_3840b83d.jpg]
[leonardhinganescu.com/ana-rasanu.html]
[leonardhinganescu.com/demetra-andrei.html]
[leonardhinganescu.com/ana-maria-calina.html]
[cdn.myportfolio.com/2b2f4de4-9fb2-4f11-a777-608d9e455175/e3af9725-a240-4b18-976a-2daa8245a0e00fa6.jpg]
[cdn.myportfolio.com/2b2f4de4-9fb2-4f11-a777-608d9e455175/e3af9725-a240-4b18-976a-2daa8245a0e0_rw_3840ef33.jpg]
[leonardhinganescu.com/carmen-andreea-cristudor.html]
[leonardhinganescu.com/emanuela-ionetic.html]
[leonardhinganescu.com/cristiana-mircea.html]
[leonardhinganescu.com/ramona-tacu-1.html]
[cdn.myportfolio.com/2b2f4de4-9fb2-4f11-a777-608d9e455175/a79f919305b8e742ccd7c53509dfd726170990046799f2.css]
[cdn.myportfolio.com/2b2f4de4-9fb2-4f11-a777-608d9e455175/a62fca39-4956-4716-b2df-94dccd2fbeb8_rwc_0x0x2877x2249x2877c23a.jpg]
[cdn.myportfolio.com/2b2f4de4-9fb2-4f11-a777-608d9e455175/1ae630d8-19ce-44cb-83d9-c37956c6a161_rwc_0x0x2877x2249x28774eae.jpg]
[cdn.myportfolio.com/2b2f4de4-9fb2-4f11-a777-608d9e455175/94bd1a2d-525d-4b61-99de-5f8847d970d5_rwc_0x0x2877x2249x287704ca.jpg]
[cdn.myportfolio.com/2b2f4de4-9fb2-4f11-a777-608d9e455175/076e8752-d1e8-4c26-8ae6-f90c830db341_rwc_0x0x2877x2250x2877a9ae.jpg]
[cdn.myportfolio.com/2b2f4de4-9fb2-4f11-a777-608d9e455175/2370488d-2284-4db4-bd3c-efaa3fff785c_rwc_0x0x2877x2249x2877d56d.jpg]
[cdn.myportfolio.com/2b2f4de4-9fb2-4f11-a777-608d9e455175/deab2bde-ab6f-4f3e-82f3-879b6ea3d2f7_rwc_0x0x2877x2249x28771fef.jpg]
[cdn.myportfolio.com/2b2f4de4-9fb2-4f11-a777-608d9e455175/d1a99653-8f6e-4751-9046-54eb697afc4f_rwc_0x0x2877x2249x2877edb9.jpg]
[cdn.myportfolio.com/2b2f4de4-9fb2-4f11-a777-608d9e455175/478b3e75-2412-4fc2-bf3c-679a3dc7cd30_rwc_0x0x2877x2249x287729ad.jpg]
[cdn.myportfolio.com/2b2f4de4-9fb2-4f11-a777-608d9e455175/75827988-1539-48ed-9cbb-e36e00da191e_rwc_0x0x2877x2250x28776b07.jpg]
[cdn.myportfolio.com/2b2f4de4-9fb2-4f11-a777-608d9e455175/7e71a41e-7fdf-4d0d-aea2-2562de53b85a_rwc_0x0x2877x2249x287730a6.jpg]
[leonardhinganescu.com/dimitrie-cantemir-2b.html]
[cdn.myportfolio.com/2b2f4de4-9fb2-4f11-a777-608d9e455175/52d0c0a6-60e5-46c1-be7e-d666cbf04333_rwc_0x0x2877x2249x28772fca.jpg]
[cdn.myportfolio.com/2b2f4de4-9fb2-4f11-a777-608d9e455175/7a492e8c-4709-46e3-8b5f-9bc7d0023a32_rwc_0x0x2877x2249x2877e2ee.jpg]
[cdn.myportfolio.com/2b2f4de4-9fb2-4f11-a777-608d9e455175/cc82596b-900b-4a08-b80d-efea1b4936cb_rwc_0x0x2877x2249x2877c380.jpg]
[cdn.myportfolio.com/2b2f4de4-9fb2-4f11-a777-608d9e455175/ed2d1949-2aee-41ed-af9c-2d0154fd2dec_rwc_0x0x2877x2249x287714ff.jpg]
[cdn.myportfolio.com/2b2f4de4-9fb2-4f11-a777-608d9e455175/1dfe786a-2db1-4cb4-b3b9-6a35526140e6_rwc_0x0x2877x2249x2877b819.jpg]
[cdn.myportfolio.com/2b2f4de4-9fb2-4f11-a777-608d9e455175/f056d886-3437-4db3-bb96-5c65c483cfb2_rwc_0x0x2877x2249x2877e7b2.jpg]
[leonardhinganescu.com/cosmopolis-m1.html]
[cdn.myportfolio.com/2b2f4de4-9fb2-4f11-a777-608d9e455175/7a2be045-62ea-48aa-8a4f-ddb2f66fb3cc_rwc_0x0x2877x2249x2877a96d.jpg]
[cdn.myportfolio.com/2b2f4de4-9fb2-4f11-a777-608d9e455175/94345201-9f5e-4d98-b0fd-dd5613617089_rwc_0x0x2877x2249x28771651.jpg]
[cdn.myportfolio.com/2b2f4de4-9fb2-4f11-a777-608d9e455175/dcd43602-f4f5-445d-b526-4ce445da40c8_rwc_0x0x2877x2249x2877e140.jpg]
[cdn.myportfolio.com/2b2f4de4-9fb2-4f11-a777-608d9e455175/40b7064c-38f3-4aca-8748-cf9203fb8d3b_rwc_0x0x2877x2249x28772e67.jpg]
[cdn.myportfolio.com/2b2f4de4-9fb2-4f11-a777-608d9e455175/ceb5521d-336a-496c-8e3e-f6756ef1d051_rwc_0x0x2877x2249x2877f8ab.jpg]
[leonardhinganescu.com/sunny-studio.html]
[cdn.myportfolio.com/2b2f4de4-9fb2-4f11-a777-608d9e455175/67e21ce4-92a6-4109-8ebe-a479a0424107_rwc_0x0x2877x2249x2877e422.jpg]
[cdn.myportfolio.com/2b2f4de4-9fb2-4f11-a777-608d9e455175/c55c1d06-0b00-4264-929f-d6483071dc20_rwc_0x0x2877x2249x28777724.jpg]
[cdn.myportfolio.com/2b2f4de4-9fb2-4f11-a777-608d9e455175/4523b6cf-42f3-406b-b79e-d295972624b1_rwc_0x0x2877x2249x287788f6.jpg]
[leonardhinganescu.com/ela-controceni.html]
[cdn.myportfolio.com/2b2f4de4-9fb2-4f11-a777-608d9e455175/48d76fb1-0181-4d59-8f40-a303ce238a8c_rwc_0x0x2877x2250x28772c27.jpg]
[cdn.myportfolio.com/2b2f4de4-9fb2-4f11-a777-608d9e455175/a87d82b8-6e7f-4d85-ab0f-a3ae2b2dc9df_rwc_0x0x2877x2249x28776609.jpg]
[leonardhinganescu.com/secret-vintage-place.html]
[cdn.myportfolio.com/2b2f4de4-9fb2-4f11-a777-608d9e455175/05727528-e968-4835-b80e-dba5d930bb48_rwc_0x0x2877x2249x287789e5.jpg]
[leonardhinganescu.com/luxury-studio.html]
[leonardhinganescu.com/tomesti-10a.html]
[leonardhinganescu.com/house-of-a-famous-poet.html]
[cdn.myportfolio.com/2b2f4de4-9fb2-4f11-a777-608d9e455175/b2d1ef08-0f78-4934-977a-f1a9d5d9ac2b_rwc_0x0x2877x2249x287717a2.jpg]
[leonardhinganescu.com/romulus-38.html]
[leonardhinganescu.com/nicolae-balcescu-33.html]
[leonardhinganescu.com/urban-7-residence.html]
[cdn.myportfolio.com/2b2f4de4-9fb2-4f11-a777-608d9e455175/55504f60-4fb1-4d77-b6f6-e9d588d60768_rwc_0x0x2876x2249x28768e40.jpg]
[leonardhinganescu.com/i-c-bratianu-44b.html]
[leonardhinganescu.com/green-forest-village.html]
[leonardhinganescu.com/bucovina-1.html]
[leonardhinganescu.com/unirii-35.html]
[cdn.myportfolio.com/2b2f4de4-9fb2-4f11-a777-608d9e455175/ae384fd5-9eda-447c-b964-e569aaa8abc4e1d6.gif]
[cdn.myportfolio.com/2b2f4de4-9fb2-4f11-a777-608d9e455175/ae384fd5-9eda-447c-b964-e569aaa8abc4_rw_1200488b.gif]
[leonardhinganescu.com/eugeniu-carada-5.html]
[leonardhinganescu.com/bucovina-2.html]
[leonardhinganescu.com/bratianu-44.html]
[leonardhinganescu.com/traian-popovici-79-91.html]
[leonardhinganescu.com/intrarea-doctor-iacob-felix-9.html]
[leonardhinganescu.com/medusa-hils.html]
[leonardhinganescu.com/poenaru-bordea-16.html]
[leonardhinganescu.com/balcescu-33.html]
[leonardhinganescu.com/teius-residence.html]
[leonardhinganescu.com/the-heart-of-lake-morii.html]
[cdn.myportfolio.com/2b2f4de4-9fb2-4f11-a777-608d9e455175/d79833d2-f72e-4aef-b9d1-b5ff068c2880236e.gif]
[cdn.myportfolio.com/2b2f4de4-9fb2-4f11-a777-608d9e455175/d79833d2-f72e-4aef-b9d1-b5ff068c2880_rw_12005380.gif]
[leonardhinganescu.com/mosilor-113.html]
[leonardhinganescu.com/ienachita-vacarescu-10.html]
[leonardhinganescu.com/medeuropa.html]
[leonardhinganescu.com/yeye-restaurant.html]
[cdn.myportfolio.com/2b2f4de4-9fb2-4f11-a777-608d9e455175/ee699feb12bf80ea6ecc7d05320252671709900467deb5.css]
[cdn.myportfolio.com/2b2f4de4-9fb2-4f11-a777-608d9e455175/ca9e9efd-2ef7-439f-84da-4d6fae784bd7_rwc_0x0x2877x2249x287766e8.jpg]
[cdn.myportfolio.com/2b2f4de4-9fb2-4f11-a777-608d9e455175/96b345ad-1037-46d3-8464-d033ea138795_rwc_0x0x2877x2249x287762e9.jpg]
[cdn.myportfolio.com/2b2f4de4-9fb2-4f11-a777-608d9e455175/9eb48691-8c3f-45d0-bae9-1ffbfb09339a_rwc_0x0x2877x2249x2877dbb0.jpg]
[cdn.myportfolio.com/2b2f4de4-9fb2-4f11-a777-608d9e455175/093fb3ed-6654-46cb-b98e-39e469c4123f_rwc_0x0x2877x2249x287787f9.jpg]
[cdn.myportfolio.com/2b2f4de4-9fb2-4f11-a777-608d9e455175/8afb9bbc-8b64-4a2f-ba19-954f704ff09a_rwc_0x0x2877x2249x28774b64.jpg]
[cdn.myportfolio.com/2b2f4de4-9fb2-4f11-a777-608d9e455175/725eae69-1b2a-4bff-83f5-348195a6bc75_rwc_0x0x2877x2249x2877880c.jpg]
[cdn.myportfolio.com/2b2f4de4-9fb2-4f11-a777-608d9e455175/b99b7640-4ad0-40cf-880b-69ba4f83b6e6_rwc_0x0x2877x2249x28776143.jpg]
[cdn.myportfolio.com/2b2f4de4-9fb2-4f11-a777-608d9e455175/302acec6-4b33-4737-aa33-007b7bad0598_rwc_0x0x2877x2249x287713f9.jpg]
[cdn.myportfolio.com/2b2f4de4-9fb2-4f11-a777-608d9e455175/45794cc4-b487-4017-9697-c79b3e5e1452_rwc_0x0x2877x2249x2877179e.jpg]
[cdn.myportfolio.com/2b2f4de4-9fb2-4f11-a777-608d9e455175/cb8395d1-c9c3-4e7a-acaf-0665615dbd6d_rwc_0x0x2877x2249x287742d5.jpg]
[leonardhinganescu.com/serile-filmului-romanesc-editia-2019.html]
[cdn.myportfolio.com/2b2f4de4-9fb2-4f11-a777-608d9e455175/2d2e81ed-14f7-4de1-a571-3390b71d643b_rwc_0x0x2877x2249x287756c1.jpg]
[cdn.myportfolio.com/2b2f4de4-9fb2-4f11-a777-608d9e455175/1fc80bd8-d92c-4e38-82b6-7bc9b4989b88_rwc_0x0x2877x2249x2877be26.jpg]
[cdn.myportfolio.com/2b2f4de4-9fb2-4f11-a777-608d9e455175/22cb8c8b-a994-45fd-b8f5-1707b66aa532_rwc_0x0x2877x2249x2877337e.jpg]
[cdn.myportfolio.com/2b2f4de4-9fb2-4f11-a777-608d9e455175/12f1081d-5643-4c9d-9b98-f89a5524d517_rwc_0x0x2877x2249x2877e49d.jpg]
[leonardhinganescu.com/rockniasi-editie-2019.html]
[cdn.myportfolio.com/2b2f4de4-9fb2-4f11-a777-608d9e455175/6a8e21de-6cfa-4337-8158-8f23b035ec03_rwc_0x0x2877x2249x28777d44.jpg]
[cdn.myportfolio.com/2b2f4de4-9fb2-4f11-a777-608d9e455175/99833e74-a45e-4127-bc2e-d64b0b56ab74_rwc_0x0x2877x2249x2877b364.jpg]
[leonardhinganescu.com/random-nature.html]
[leonardhinganescu.com/mute-portrait.html]
[cdn.myportfolio.com/2b2f4de4-9fb2-4f11-a777-608d9e455175/b9b9bfe2-9599-43c1-a5db-a93bf55ef1100979.jpg]
[cdn.myportfolio.com/2b2f4de4-9fb2-4f11-a777-608d9e455175/b9b9bfe2-9599-43c1-a5db-a93bf55ef110_rw_38404403.jpg]
[leonardhinganescu.com/piscul-cainelui-peak.html]
[leonardhinganescu.com/mirror-experiment.html]
[leonardhinganescu.com/how-to-object.html]
[leonardhinganescu.com/sulina-trip.html]
[leonardhinganescu.com/object-hunt-in-ikea.html]
[leonardhinganescu.com/busteni-trip.html]
[leonardhinganescu.com/bucharest-visit-with-santa.html]
[leonardhinganescu.com/single-night.html]
[leonardhinganescu.com/random-people.html]
[leonardhinganescu.com/alexandru-ioan-cuza-park.html]
[leonardhinganescu.com/random-panoramas.html]
[leonardhinganescu.com/shopping-prison.html]
[cdn.myportfolio.com/2b2f4de4-9fb2-4f11-a777-608d9e455175/42ebb88bfa8326132f2e5a74b75a645d17099004678403.css]
[cdn.myportfolio.com/2b2f4de4-9fb2-4f11-a777-608d9e455175/97e947b3cf553e3b07c195735583b8401709900467b7d8.css]
[cdn.myportfolio.com/2b2f4de4-9fb2-4f11-a777-608d9e455175/440f3f0476a5d7b8d5d25516b7c6b7191709900467258d.css]
[cdn.myportfolio.com/2b2f4de4-9fb2-4f11-a777-608d9e455175/1cfe81cb43846a1f93706d4ec4b45def17099004678b67.css]
[cdn.myportfolio.com/2b2f4de4-9fb2-4f11-a777-608d9e455175/97555b2103c80762b09f6238b5f4c7da170990046742df.css]
[cdn.myportfolio.com/2b2f4de4-9fb2-4f11-a777-608d9e455175/9e98820104b29c93aab1aeaf8e8160411709900467a1dd.css]
[cdn.myportfolio.com/2b2f4de4-9fb2-4f11-a777-608d9e455175/d03c34986d956b31b9e14ed9f408a27617099004673033.css]
[cdn.myportfolio.com/2b2f4de4-9fb2-4f11-a777-608d9e455175/9b9a0af0a84b6de95d061fc6e428b6291709900467c76f.css]
[cdn.myportfolio.com/2b2f4de4-9fb2-4f11-a777-608d9e455175/068219758f4ad5813ebc577e73ba795517099004679769.css]
[cdn.myportfolio.com/2b2f4de4-9fb2-4f11-a777-608d9e455175/65fcc71d1c60cec60a9f758407e6c7e41709900467cde6.css]
[cdn.myportfolio.com/2b2f4de4-9fb2-4f11-a777-608d9e455175/c86124db44466e9222ec476039cce4fa17099004678885.css]
[cdn.myportfolio.com/2b2f4de4-9fb2-4f11-a777-608d9e455175/321b2cb6c2a8c7dd4e175a42b57bc2861709900467bfc8.css]
[cdn.myportfolio.com/2b2f4de4-9fb2-4f11-a777-608d9e455175/fb2992813aac03c60a698c0ffc9dc0721709900467b1c1.css]
[cdn.myportfolio.com/2b2f4de4-9fb2-4f11-a777-608d9e455175/b902d3bff3af112996e44c9f9a07eb26170990046793c8.css]
[cdn.myportfolio.com/2b2f4de4-9fb2-4f11-a777-608d9e455175/83f7571c08a77503d212e31d7b07b5a7170990046747c1.css]
[cdn.myportfolio.com/2b2f4de4-9fb2-4f11-a777-608d9e455175/59b12a5d99bc6cd91ca41d77d6bb25c01709900467f79f.css]
[cdn.myportfolio.com/2b2f4de4-9fb2-4f11-a777-608d9e455175/a75aff640562a9350b0703801a27d47217099004676c9e.css]
[cdn.myportfolio.com/2b2f4de4-9fb2-4f11-a777-608d9e455175/717829a48b5fad64747b7bf2f577ae731709900467d185.css]
[cdn.myportfolio.com/2b2f4de4-9fb2-4f11-a777-608d9e455175/639eb250b0eaa4c5049984a0a666d2de1709900467afd2.css]
[cdn.myportfolio.com/2b2f4de4-9fb2-4f11-a777-608d9e455175/431a0c1808d6d553f8fa4f799c7f75fa170990046763e4.css]
[cdn.myportfolio.com/2b2f4de4-9fb2-4f11-a777-608d9e455175/6145b5e941dadceaa34ce6d7ff466fea170990046701cb.css]
[cdn.myportfolio.com/2b2f4de4-9fb2-4f11-a777-608d9e455175/ea0c495887bebda4a09a401190ebc9481709900467b6af.css]
[cdn.myportfolio.com/2b2f4de4-9fb2-4f11-a777-608d9e455175/2c8c671b5caeda2d979452620e6624b217099004677913.css]
[cdn.myportfolio.com/2b2f4de4-9fb2-4f11-a777-608d9e455175/9aaff9998a244158096b3101649598bf1709900467f09f.css]
[cdn.myportfolio.com/2b2f4de4-9fb2-4f11-a777-608d9e455175/08b63ccffd0eced1191d4dda84f38dcb17099004675502.css]
[cdn.myportfolio.com/2b2f4de4-9fb2-4f11-a777-608d9e455175/94c90eafa9a80ad0aa6751e66fa229cc170990046759cf.css]
[cdn.myportfolio.com/2b2f4de4-9fb2-4f11-a777-608d9e455175/8c5c759cf1f3c0a5ac94ac40bdb3e47b1709900467214b.css]
[cdn.myportfolio.com/2b2f4de4-9fb2-4f11-a777-608d9e455175/5bda100acf0c02f1b5155dd1a29eca1e1709900467a62c.css]
[cdn.myportfolio.com/2b2f4de4-9fb2-4f11-a777-608d9e455175/1ea2732da7e72dd2030902400e47d2241709900467bac1.css]
[cdn.myportfolio.com/2b2f4de4-9fb2-4f11-a777-608d9e455175/c8e76c56bcde8ae692ea75c30615471f17099004675677.css]
[cdn.myportfolio.com/2b2f4de4-9fb2-4f11-a777-608d9e455175/66d1c2541ce02a982a8c08a795d6ba4d1709900467b94b.css]
[cdn.myportfolio.com/2b2f4de4-9fb2-4f11-a777-608d9e455175/74bf5fc798ce4f13ecdbec130dc62f071709900467d568.css]
[cdn.myportfolio.com/2b2f4de4-9fb2-4f11-a777-608d9e455175/9d5e215e9e4f9b8c2cca9701bfab86a917099004672204.css]
[cdn.myportfolio.com/2b2f4de4-9fb2-4f11-a777-608d9e455175/d36797899ea8ad15d3e544e54c3918c117099004672430.css]
[cdn.myportfolio.com/2b2f4de4-9fb2-4f11-a777-608d9e455175/9417ffeb4a38635287463d5bcf03b414170990046747eb.css]
[cdn.myportfolio.com/2b2f4de4-9fb2-4f11-a777-608d9e455175/b8112e270b11db0309ade3638afce5ac17099004671972.css]
[cdn.myportfolio.com/2b2f4de4-9fb2-4f11-a777-608d9e455175/4c6bcfc03928ca79c27c548d2be52b341709900467eec3.css]
[cdn.myportfolio.com/2b2f4de4-9fb2-4f11-a777-608d9e455175/921cf86a72ad7f519a9b754a9d3c81d81709900467fbbb.css]
[cdn.myportfolio.com/2b2f4de4-9fb2-4f11-a777-608d9e455175/15b13c591abbd6308a5c74edcb3849651709900467aa1d.css]
[cdn.myportfolio.com/2b2f4de4-9fb2-4f11-a777-608d9e455175/2a07ae0af652eda03e5ad9d23aebdaed17099004679d4c.css]
[cdn.myportfolio.com/2b2f4de4-9fb2-4f11-a777-608d9e455175/4e4d2d09297bd2520c9d84c8e4814efa1709900467c462.css]
[cdn.myportfolio.com/2b2f4de4-9fb2-4f11-a777-608d9e455175/ba2b7395b70b4c0dd68c08f796306a6417099004676402.css]
[cdn.myportfolio.com/2b2f4de4-9fb2-4f11-a777-608d9e455175/b3ab53fa9adc8c0dd7a4019d39ca910c17099004673d4d.css]
[cdn.myportfolio.com/2b2f4de4-9fb2-4f11-a777-608d9e455175/a7a0bd065451e7a8574e00329c4b5b511709900467a59b.css]
[cdn.myportfolio.com/2b2f4de4-9fb2-4f11-a777-608d9e455175/45ad1c667f862644e3a97854f76388e71709900467f4d4.css]
[cdn.myportfolio.com/2b2f4de4-9fb2-4f11-a777-608d9e455175/1e6bea6c703673f4d1a8c047615ebe991709900467f353.css]
[cdn.myportfolio.com/2b2f4de4-9fb2-4f11-a777-608d9e455175/e02e92e3a1c16d1cb6f8d6e4489551e517099004678b6f.css]
[cdn.myportfolio.com/2b2f4de4-9fb2-4f11-a777-608d9e455175/db4988a23448ada2780d561d17c73b4a17099004670d85.css]
[cdn.myportfolio.com/2b2f4de4-9fb2-4f11-a777-608d9e455175/c4e5067b3687658c85c3f9edd293bcfb170990046756d7.css]
[cdn.myportfolio.com/2b2f4de4-9fb2-4f11-a777-608d9e455175/b64255cf7d3fd5da3982376564e2d8271709900467d813.css]
[cdn.myportfolio.com/2b2f4de4-9fb2-4f11-a777-608d9e455175/ab9976be535a7ef818d2698706f2a0671709900467c4f5.css]
[cdn.myportfolio.com/2b2f4de4-9fb2-4f11-a777-608d9e455175/d4c9906ad300541d3190a033bfcdd3a017099004676375.css]
[cdn.myportfolio.com/2b2f4de4-9fb2-4f11-a777-608d9e455175/8f2af35c8629cf1282e8a1ccdd7300501709900467d6e0.css]
[cdn.myportfolio.com/2b2f4de4-9fb2-4f11-a777-608d9e455175/ed0c806ecfa3190d693fb39f18b7d8291709900467e90b.css]
[cdn.myportfolio.com/2b2f4de4-9fb2-4f11-a777-608d9e455175/41d1605e088599463462b788747b4cdd170990046768d6.css]
[cdn.myportfolio.com/2b2f4de4-9fb2-4f11-a777-608d9e455175/f0678542f178c5458d662b017922d72b17099004675019.css]
[cdn.myportfolio.com/2b2f4de4-9fb2-4f11-a777-608d9e455175/15898ea446f1062a708b0ca89f1416e61709900467f90d.css]
[cdn.myportfolio.com/2b2f4de4-9fb2-4f11-a777-608d9e455175/c7b819f3fe75dd1d8168a496ff9bade817099004676085.css]
[cdn.myportfolio.com/2b2f4de4-9fb2-4f11-a777-608d9e455175/da173539f1c2cb4c71bcf9c8d6a8ee861709900467cab3.css]
[cdn.myportfolio.com/2b2f4de4-9fb2-4f11-a777-608d9e455175/f880479f7d1df3680e38d3b7603a437a1709900467140a.css]
[cdn.myportfolio.com/2b2f4de4-9fb2-4f11-a777-608d9e455175/bf602e0afa7aefa9db91c23f8e4a7e6c170990046735d1.css]
[cdn.myportfolio.com/2b2f4de4-9fb2-4f11-a777-608d9e455175/c3c01496f9f046f5e9993aa245740efd17099004675dd8.css]
[cdn.myportfolio.com/2b2f4de4-9fb2-4f11-a777-608d9e455175/90212955f3ac07171acc85e7110407ba17099004678e3c.css]
[cdn.myportfolio.com/2b2f4de4-9fb2-4f11-a777-608d9e455175/ae8f0d4c65670de0c6958595cb9c241717099004675697.css]
[cdn.myportfolio.com/2b2f4de4-9fb2-4f11-a777-608d9e455175/51fe2baa3de2221f2140bc7bf592d6de17099004672d17.css]
[cdn.myportfolio.com/2b2f4de4-9fb2-4f11-a777-608d9e455175/dc0978cbd220b76d6f6768722733e6db1709900467faf3.css]
[cdn.myportfolio.com/2b2f4de4-9fb2-4f11-a777-608d9e455175/2f9c1480f01dc25e62277dc83d68e01b17099004676481.css]
[cdn.myportfolio.com/2b2f4de4-9fb2-4f11-a777-608d9e455175/39147ddff680af434085b15ad290bb011709900467a381.css]
[cdn.myportfolio.com/2b2f4de4-9fb2-4f11-a777-608d9e455175/8e96364765c6f6530cb0c9cf3bf75af5170990046787be.css]
